Build started 2018-03-19 오후 10:54:59.
     1>Project "C:\Users\KimDoYeon\Desktop\데통과제\1주차 IPC\hw01_201002463_이동재\IPC_참고코드_201002463\ipc.vcxproj" on node 2 (build target(s)).
     1>InitializeBuildStatus:
         Creating ".\Debug\ipc.unsuccessfulbuild" because "AlwaysCreate" was specified.
       ClCompile:
         C:\Program Files (x86)\Microsoft Visual Studio 10.0\VC\bin\CL.exe /c /ZI /nologo /W3 /WX- /Od /Oy- /D WIN32 /D _DEBUG /D _WINDOWS /D _VC80_UPGRADE=0x0600 /D _MBCS /D _AFXDLL /Gm /EHsc /RTC1 /MDd /GS /Gy- /fp:precise /Zc:wchar_t /Zc:forScope /Yc"stdafx.h" /Fp".\Debug\ipc.pch" /Fo".\Debug\\" /Fd".\Debug\vc100.pdb" /Gd /TP /analyze- /errorReport:prompt StdAfx.cpp
         StdAfx.cpp
         _WIN32_WINNT not defined. Defaulting to _WIN32_WINNT_MAXVER (see WinSDKVer.h)
         C:\Program Files (x86)\Microsoft Visual Studio 10.0\VC\bin\CL.exe /c /ZI /nologo /W3 /WX- /Od /Oy- /D WIN32 /D _DEBUG /D _WINDOWS /D _VC80_UPGRADE=0x0600 /D _MBCS /D _AFXDLL /Gm /EHsc /RTC1 /MDd /GS /Gy- /fp:precise /Zc:wchar_t /Zc:forScope /Yu"stdafx.h" /Fp".\Debug\ipc.pch" /Fo".\Debug\\" /Fd".\Debug\vc100.pdb" /Gd /TP /analyze- /errorReport:prompt BaseLayer.cpp ChatAppLayer.cpp EthernetLayer.cpp FileLayer.cpp IPCAppDlg.cpp LayerManager.cpp ipc.cpp
         ipc.cpp
     1>c:\users\kimdoyeon\desktop\데통과제\1주차 ipc\hw01_201002463_이동재\ipc_참고코드_201002463\ipc.cpp(52): warning C4996: 'CWinApp::Enable3dControls': CWinApp::Enable3dControls is no longer needed. You should remove this call.
                 c:\program files (x86)\microsoft visual studio 10.0\vc\atlmfc\include\afxwin.h(5344) : 'CWinApp::Enable3dControls' 선언을 참조하십시오.
         LayerManager.cpp
     1>c:\users\kimdoyeon\desktop\데통과제\1주차 ipc\hw01_201002463_이동재\ipc_참고코드_201002463\layermanager.cpp(66): warning C4996: 'sscanf': This function or variable may be unsafe. Consider using sscanf_s instead. To disable deprecation, use _CRT_SECURE_NO_WARNINGS. See online help for details.
                 c:\program files (x86)\microsoft visual studio 10.0\vc\include\stdio.h(325) : 'sscanf' 선언을 참조하십시오.
     1>c:\users\kimdoyeon\desktop\데통과제\1주차 ipc\hw01_201002463_이동재\ipc_참고코드_201002463\layermanager.cpp(79): warning C4996: 'strcpy': This function or variable may be unsafe. Consider using strcpy_s instead. To disable deprecation, use _CRT_SECURE_NO_WARNINGS. See online help for details.
                 c:\program files (x86)\microsoft visual studio 10.0\vc\include\string.h(105) : 'strcpy' 선언을 참조하십시오.
         IPCAppDlg.cpp
         FileLayer.cpp
         EthernetLayer.cpp
         ChatAppLayer.cpp
         BaseLayer.cpp
         코드를 생성하고 있습니다...
       ResourceCompile:
         All outputs are up-to-date.
       ManifestResourceCompile:
         All outputs are up-to-date.
       Link:
         C:\Program Files (x86)\Microsoft Visual Studio 10.0\VC\bin\link.exe /ERRORREPORT:PROMPT /OUT:".\Debug\ipc.exe" /INCREMENTAL /NOLOGO /MANIFEST /ManifestFile:".\Debug\ipc.exe.intermediate.manifest" /MANIFESTUAC:"level='asInvoker' uiAccess='false'" /DEBUG /PDB:"C:\Users\KimDoYeon\Desktop\데통과제\1주차 IPC\hw01_201002463_이동재\IPC_참고코드_201002463\Debug\ipc.pdb" /SUBSYSTEM:WINDOWS /TLBID:1 /DYNAMICBASE /NXCOMPAT /IMPLIB:".\Debug\ipc.lib" /MACHINE:X86 .\Debug\ipc.res
         .\Debug\ipc.exe.embed.manifest.res
         .\Debug\BaseLayer.obj
         .\Debug\ChatAppLayer.obj
         .\Debug\EthernetLayer.obj
         .\Debug\FileLayer.obj
         .\Debug\ipc.obj
         .\Debug\IPCAppDlg.obj
         .\Debug\LayerManager.obj
         .\Debug\StdAfx.obj
       Manifest:
         C:\Program Files (x86)\Microsoft SDKs\Windows\v7.0A\bin\mt.exe /nologo /verbose /out:".\Debug\ipc.exe.embed.manifest" /manifest .\Debug\ipc.exe.intermediate.manifest "C:\Program Files (x86)\Microsoft Visual Studio 10.0\VC\Include\Manifest\dpiaware.manifest"
         All outputs are up-to-date.
       LinkEmbedManifest:
         All outputs are up-to-date.
         ipc.vcxproj -> C:\Users\KimDoYeon\Desktop\데통과제\1주차 IPC\hw01_201002463_이동재\IPC_참고코드_201002463\.\Debug\ipc.exe
       FinalizeBuildStatus:
         Deleting file ".\Debug\ipc.unsuccessfulbuild".
         Touching ".\Debug\ipc.lastbuildstate".
     1>Done Building Project "C:\Users\KimDoYeon\Desktop\데통과제\1주차 IPC\hw01_201002463_이동재\IPC_참고코드_201002463\ipc.vcxproj" (build target(s)).

Build succeeded.

Time Elapsed 00:00:04.91
